<?xml version="1.0" encoding="UTF-8"?>
<testng-results skipped="0" failed="0" ignored="0" total="1" passed="1">
  <reporter-output>
  </reporter-output>
  <suite name="Default suite" duration-ms="81135" started-at="2019-02-27T06:42:52Z" finished-at="2019-02-27T06:44:14Z">
    <groups>
    </groups>
    <test name="Default test" duration-ms="81135" started-at="2019-02-27T06:42:52Z" finished-at="2019-02-27T06:44:14Z">
      <class name="PocketPhoneSystem.Sprintregionalnum">
        <test-method status="PASS" signature="pps()[pri:0, instance:PocketPhoneSystem.Sprintregionalnum@5dfcfece]" name="pps" duration-ms="81024" started-at="2019-02-27T06:42:52Z" finished-at="2019-02-27T06:44:13Z">
          <reporter-output>
          </reporter-output>
        </test-method> <!-- pps -->
      </class> <!-- PocketPhoneSystem.Sprintregionalnum -->
    </test> <!-- Default test -->
  </suite> <!-- Default suite -->
</testng-results>
