<?xml version="1.0" encoding="UTF-8"?>
<testng-results skipped="0" failed="0" ignored="0" total="1" passed="1">
  <reporter-output>
  </reporter-output>
  <suite name="Default suite" duration-ms="71367" started-at="2019-02-26T11:13:50Z" finished-at="2019-02-26T11:15:01Z">
    <groups>
    </groups>
    <test name="Default test" duration-ms="71367" started-at="2019-02-26T11:13:50Z" finished-at="2019-02-26T11:15:01Z">
      <class name="PocketPhoneSystem.PpsExistingnumber">
        <test-method status="PASS" signature="pps()[pri:0, instance:PocketPhoneSystem.PpsExistingnumber@5dfcfece]" name="pps" duration-ms="71323" started-at="2019-02-26T11:13:50Z" finished-at="2019-02-26T11:15:01Z">
          <reporter-output>
          </reporter-output>
        </test-method> <!-- pps -->
      </class> <!-- PocketPhoneSystem.PpsExistingnumber -->
    </test> <!-- Default test -->
  </suite> <!-- Default suite -->
</testng-results>
